<?xml version="1.0" encoding="UTF-8"?>
<testng-results ignored="0" total="1" passed="1" failed="0" skipped="0">
  <reporter-output>
  </reporter-output>
  <suite started-at="2024-01-06T23:04:10 EST" name="Default suite" finished-at="2024-01-06T23:04:20 EST" duration-ms="9600">
    <groups>
    </groups>
    <test started-at="2024-01-06T23:04:10 EST" name="Default test" finished-at="2024-01-06T23:04:20 EST" duration-ms="9600">
      <class name="com.qa.TestCase.HomePageTest">
        <test-method is-config="true" signature="setup()[pri:0, instance:com.qa.TestCase.HomePageTest@942a29c]" started-at="2024-01-06T23:04:10 EST" name="setup" finished-at="2024-01-06T23:04:18 EST" duration-ms="8052" status="PASS">
          <reporter-output>
          </reporter-output>
        </test-method> <!-- setup -->
        <test-method signature="homepageLinksVerifaction()[pri:0, instance:com.qa.TestCase.HomePageTest@942a29c]" started-at="2024-01-06T23:04:18 EST" name="homepageLinksVerifaction" finished-at="2024-01-06T23:04:20 EST" duration-ms="1508" status="PASS">
          <reporter-output>
          </reporter-output>
        </test-method> <!-- homepageLinksVerifaction -->
      </class> <!-- com.qa.TestCase.HomePageTest -->
    </test> <!-- Default test -->
  </suite> <!-- Default suite -->
</testng-results>
